ERROR:root:main: falta un operando
Pruebe 'main -h' o 'main --help' para más información.
INFO:root:Webscraping
INFO:root:https://www.uanl.mx
INFO:root:c04832987662fc010911d3432c0dda9692a514d7
INFO:root:hola.com
INFO:root:PRUEBA
INFO:root:EQUIPO 2
INFO:root:team00pia@gmail.com
INFO:root:juanpablo_rangel17@hotmail.com
INFO:root:equipopia00
INFO:root:C:\Users\juanp\Downloads\PIA\hola.jpg
ERROR:root:main: falta un operando
Pruebe 'main -h' o 'main --help' para más información.
INFO:root:C:\Users\juanp\Downloads\PIA
INFO:root:HASHES
ERROR:root:main: falta un operando
Pruebe 'main -h' o 'main --help' para más información.
INFO:root:se establecio conexion?
INFO:root:okey
INFO:root:adios
ERROR:root:main: falta un operando
Pruebe 'main -h' o 'main --help' para más información.
